#
# There is insufficient memory for the Java Runtime Environment to continue.
# Native memory allocation (malloc) failed to allocate 98384 bytes. Error detail: Chunk::new
# Possible reasons:
#   The system is out of physical RAM or swap space
#   This process is running with CompressedOops enabled, and the Java Heap may be blocking the growth of the native heap
# Possible solutions:
#   Reduce memory load on the system
#   Increase physical memory or swap space
#   Check if swap backing store is full
#   Decrease Java heap size (-Xmx/-Xms)
#   Decrease number of Java threads
#   Decrease Java thread stack sizes (-Xss)
#   Set larger code cache with -XX:ReservedCodeCacheSize=
#   JVM is running with Unscaled Compressed Oops mode in which the Java heap is
#     placed in the first 4GB address space. The Java Heap base address is the
#     maximum limit for the native heap growth. Please use -XX:HeapBaseMinAddress
#     to set the Java Heap base and to place the Java Heap above 4GB virtual address.
# This output file may be truncated or incomplete.
#
#  Out of Memory Error (arena.cpp:150), pid=20652, tid=24964
#
# JRE version:  (22.0.1+8) (build )
# Java VM: Java HotSpot(TM) 64-Bit Server VM (22.0.1+8-16, mixed mode, tiered, compressed oops, compressed class ptrs, g1 gc, windows-amd64)
# No core dump will be written. Minidumps are not enabled by default on client versions of Windows
#

---------------  S U M M A R Y ------------

Command Line: -Dfile.encoding=UTF-8 --module-path=C:\Users\giosu\Documents\Integrador\Proyecto\build\classes Vistas.Venta.Venta

Host: Intel(R) Core(TM) i3-7020U CPU @ 2.30GHz, 4 cores, 3G,  Windows 10 , 64 bit Build 19041 (10.0.19041.4842)
Time: Wed Oct 16 15:36:10 2024 Hora est. Pacífico, Sudamérica elapsed time: 0.353219 seconds (0d 0h 0m 0s)

---------------  T H R E A D  ---------------

Current thread (0x000001914e33b4c0):  JavaThread "main"             [_thread_in_vm, id=24964, stack(0x0000006894100000,0x0000006894200000) (1024K)]

Stack: [0x0000006894100000,0x0000006894200000]
Native frames: (J=compiled Java code, j=interpreted, Vv=VM code, C=native code)
V  [jvm.dll+0x6e2279]  (no source info available)
V  [jvm.dll+0x874e33]  (no source info available)
V  [jvm.dll+0x87725e]  (no source info available)
V  [jvm.dll+0x877933]  (no source info available)
V  [jvm.dll+0x27fd76]  (no source info available)
V  [jvm.dll+0xc3d0f]  (no source info available)
V  [jvm.dll+0xc3f6b]  (no source info available)
V  [jvm.dll+0x21d971]  (no source info available)
V  [jvm.dll+0x21cb36]  (no source info available)
V  [jvm.dll+0x7eb6dc]  (no source info available)
V  [jvm.dll+0x7ec776]  (no source info available)
V  [jvm.dll+0x7ecd84]  (no source info available)
V  [jvm.dll+0x7eca08]  (no source info available)
V  [jvm.dll+0x26d79b]  (no source info available)
V  [jvm.dll+0x26d9ca]  (no source info available)
V  [jvm.dll+0x5e7d27]  (no source info available)
V  [jvm.dll+0x5ead26]  (no source info available)
V  [jvm.dll+0x3dd89d]  (no source info available)
V  [jvm.dll+0x3dce9d]  (no source info available)
C  0x000001915f4c985c  (no source info available)

The last pc belongs to invokestatic (printed below).
Java frames: (J=compiled Java code, j=interpreted, Vv=VM code)
j  java.nio.Buffer.<clinit>()V+22 java.base
v  ~StubRoutines::call_stub 0x000001915f4b100d
j  sun.nio.cs.StreamEncoder.<init>(Ljava/io/OutputStream;Ljava/lang/Object;Ljava/nio/charset/CharsetEncoder;)V+37 java.base
j  sun.nio.cs.StreamEncoder.<init>(Ljava/io/OutputStream;Ljava/lang/Object;Ljava/nio/charset/Charset;)V+19 java.base
j  sun.nio.cs.StreamEncoder.forOutputStreamWriter(Ljava/io/OutputStream;Ljava/lang/Object;Ljava/nio/charset/Charset;)Lsun/nio/cs/StreamEncoder;+7 java.base
j  java.io.OutputStreamWriter.<init>(Ljava/io/OutputStream;Ljava/nio/charset/Charset;)V+26 java.base
j  java.io.PrintStream.<init>(Ljava/io/OutputStream;ZLjava/nio/charset/Charset;)V+27 java.base
j  java.lang.System.newPrintStream(Ljava/io/OutputStream;Ljava/lang/String;)Ljava/io/PrintStream;+27 java.base
j  java.lang.System.initPhase1()V+147 java.base
v  ~StubRoutines::call_stub 0x000001915f4b100d
invokestatic  184 invokestatic  [0x000001915f4c97c0, 0x000001915f4c9a88]  712 bytes
[MachCode]
  0x000001915f4c97c0: 4883 ec08 | c5fa 1104 | 24eb 1f48 | 83ec 10c5 | fb11 0424 | eb14 4883 | ec10 4889 | 0424 48c7 
  0x000001915f4c97e0: 4424 0800 | 0000 00eb | 0150 488b | 4dd0 410f | b755 0148 | 8b49 306b | d218 488d | 4c11 080f 
  0x000001915f4c9800: b659 1681 | fbb8 0000 | 000f 84bd | 0000 00bb | b800 0000 | e805 0000 | 00e9 9900 | 0000 488b 
  0x000001915f4c9820: d348 8d44 | 2408 4c89 | 6dc0 498b | cfc5 f877 | 4989 afb0 | 0300 0049 | 8987 a003 | 0000 4883 
  0x000001915f4c9840: ec20 40f6 | c40f 0f84 | 1900 0000 | 4883 ec08 | 48b8 30ce | c9d5 fa7f | 0000 ffd0 | 4883 c408 
  0x000001915f4c9860: e90c 0000 | 0048 b830 | cec9 d5fa | 7f00 00ff | d048 83c4 | 2049 c787 | a003 0000 | 0000 0000 
  0x000001915f4c9880: 49c7 87b0 | 0300 0000 | 0000 0049 | c787 a803 | 0000 0000 | 0000 c5f8 | 7749 837f | 0800 0f84 
  0x000001915f4c98a0: 0500 0000 | e957 76fe | ff4c 8b6d | c04c 8b75 | c84e 8d74 | f500 c348 | 8b4d d041 | 0fb7 5501 
  0x000001915f4c98c0: 488b 4930 | 6bd2 1848 | 8d4c 1108 | 488b 1948 | 8b5b 0848 | 8b5b 0848 | 8b5b 1880 | bb20 0100 
  0x000001915f4c98e0: 0005 0f84 | 0d00 0000 | 4c3b bb30 | 0100 000f | 851a ffff | ff0f b651 | 1548 8b19 | 4c89 6dc0 
  0x000001915f4c9900: 448b ea0f | b651 1449 | ba00 b953 | d6fa 7f00 | 0049 8b14 | d252 418b | d54c 8b6d | c048 8b45 
  0x000001915f4c9920: d848 85c0 | 0f84 1200 | 0000 4883 | 4008 0148 | 8358 0800 | 4883 c010 | 4889 45d8 | 488b 45d8 
  0x000001915f4c9940: 4885 c00f | 8423 0100 | 0080 78f0 | 0a0f 8519 | 0100 0048 | 83c0 084c | 8b68 f841 | 83ed 0041 
  0x000001915f4c9960: 83fd 020f | 8cf8 0000 | 004c 8b6b | 0845 0fb7 | 6d2e 4c2b | 2841 83ed | 014e 8b6c | ec08 4d85 
  0x000001915f4c9980: ed75 0ef6 | 4008 0175 | 4bf0 4883 | 4808 01eb | 4345 8b6d | 084d 8bd5 | 4c33 6808 | 49f7 c5fc 
  0x000001915f4c99a0: ffff ff74 | 2f41 f6c5 | 0275 2948 | 8378 0800 | 741e 4883 | 7808 0174 | 174d 8bea | 4c33 6808 
  0x000001915f4c99c0: 49f7 c5fc | ffff ff74 | 0b48 8348 | 0802 eb04 | 4c89 6808 | 4883 c010 | 4c8b 68e8 | 4183 ed02 
  0x000001915f4c99e0: 4183 fd02 | 0f8c 7700 | 0000 4c8b | 6b08 450f | b76d 2e4c | 2b28 4183 | ed01 4e8b | 6cec 084d 
  0x000001915f4c9a00: 85ed 750e | f640 0801 | 754b f048 | 8348 0801 | eb43 458b | 6d08 4d8b | d54c 3368 | 0849 f7c5 
  0x000001915f4c9a20: fcff ffff | 742f 41f6 | c502 7529 | 4883 7808 | 0074 1e48 | 8378 0801 | 7417 4d8b | ea4c 3368 
  0x000001915f4c9a40: 0849 f7c5 | fcff ffff | 740b 4883 | 4808 02eb | 044c 8968 | 0848 83c0 | 104c 8b68 | d841 83ed 
  0x000001915f4c9a60: 0441 c1e5 | 0349 03c5 | 4889 45d8 | 4c8d 6c24 | 0849 8bcd | 482b cd48 | c1f9 0348 | 894d f0ff 
  0x000001915f4c9a80: 6350 660f | 1f44 0000 
[/MachCode]

---------------  P R O C E S S  ---------------

Threads class SMR info:
_java_thread_list=0x000001914e4dbcb0, length=1, elements={
0x000001914e33b4c0
}

Java Threads: ( => current thread )
=>0x000001914e33b4c0 JavaThread "main"                              [_thread_in_vm, id=24964, stack(0x0000006894100000,0x0000006894200000) (1024K)]
Total: 1

Other Threads:
  0x00000191000fc550 VMThread "VM Thread"                           [id=19200, stack(0x0000006894800000,0x0000006894900000) (1024K)]
  0x000001910009ca00 WatcherThread "VM Periodic Task Thread"        [id=22780, stack(0x0000006894700000,0x0000006894800000) (1024K)]
  0x000001914e4745c0 WorkerThread "GC Thread#0"                     [id=12052, stack(0x0000006894200000,0x0000006894300000) (1024K)]
  0x000001914e47da10 ConcurrentGCThread "G1 Main Marker"            [id=13768, stack(0x0000006894300000,0x0000006894400000) (1024K)]
  0x000001914e47e5e0 WorkerThread "G1 Conc#0"                       [id=23008, stack(0x0000006894400000,0x0000006894500000) (1024K)]
  0x000001914e4d7220 ConcurrentGCThread "G1 Refine#0"               [id=10784, stack(0x0000006894500000,0x0000006894600000) (1024K)]
  0x000001914e4d7e60 ConcurrentGCThread "G1 Service"                [id=20920, stack(0x0000006894600000,0x0000006894700000) (1024K)]
Total: 7

Threads with active compile tasks:
Total: 0

VM state: not at safepoint (normal execution)

VM Mutex/Monitor currently owned by a thread: None

Heap address: 0x00000000c1600000, size: 1002 MB, Compressed Oops mode: 32-bit

CDS archive(s) not mapped
Compressed class space mapped at: 0x0000000021000000-0x0000000061000000, reserved size: 1073741824
Narrow klass base: 0x0000000000000000, Narrow klass shift: 0, Narrow klass range: 0x61000000

GC Precious Log:
 CardTable entry size: 512
 Card Set container configuration: InlinePtr #cards 5 size 8 Array Of Cards #cards 12 size 40 Howl #buckets 4 coarsen threshold 1843 Howl Bitmap #cards 512 size 80 coarsen threshold 460 Card regions per heap region 1 cards per card region 2048
 CPUs: 4 total, 4 available
 Memory: 4007M
 Large Page Support: Disabled
 NUMA Support: Disabled
 Compressed Oops: Enabled (32-bit)
 Heap Region Size: 1M
 Heap Min Capacity: 8M
 Heap Initial Capacity: 64M
 Heap Max Capacity: 1002M
 Pre-touch: Disabled
 Parallel Workers: 4
 Concurrent Workers: 1
 Concurrent Refinement Workers: 4
 Periodic GC: Disabled

Heap:
 garbage-first heap   total reserved 1026048K, committed 65536K, used 0K [0x00000000c1600000, 0x0000000100000000)
  region size 1024K, 1 young (1024K), 0 survivors (0K)
 Metaspace       used 2590K, committed 2688K, reserved 1114112K
  class space    used 195K, committed 256K, reserved 1048576K

Heap Regions: E=young(eden), S=young(survivor), O=old, HS=humongous(starts), HC=humongous(continues), CS=collection set, F=free, TAMS=top-at-mark-start, PB=parsable bottom
|   0|0x00000000c1600000, 0x00000000c1600000, 0x00000000c1700000|  0%| F|  |TAMS 0x00000000c1600000| PB 0x00000000c1600000| Untracked |  0
|   1|0x00000000c1700000, 0x00000000c1700000, 0x00000000c1800000|  0%| F|  |TAMS 0x00000000c1700000| PB 0x00000000c1700000| Untracked |  0
|   2|0x00000000c1800000, 0x00000000c1800000, 0x00000000c1900000|  0%| F|  |TAMS 0x00000000c1800000| PB 0x00000000c1800000| Untracked |  0
|   3|0x00000000c1900000, 0x00000000c1900000, 0x00000000c1a00000|  0%| F|  |TAMS 0x00000000c1900000| PB 0x00000000c1900000| Untracked |  0
|   4|0x00000000c1a00000, 0x00000000c1a00000, 0x00000000c1b00000|  0%| F|  |TAMS 0x00000000c1a00000| PB 0x00000000c1a00000| Untracked |  0
|   5|0x00000000c1b00000, 0x00000000c1b00000, 0x00000000c1c00000|  0%| F|  |TAMS 0x00000000c1b00000| PB 0x00000000c1b00000| Untracked |  0
|   6|0x00000000c1c00000, 0x00000000c1c00000, 0x00000000c1d00000|  0%| F|  |TAMS 0x00000000c1c00000| PB 0x00000000c1c00000| Untracked |  0
|   7|0x00000000c1d00000, 0x00000000c1d00000, 0x00000000c1e00000|  0%| F|  |TAMS 0x00000000c1d00000| PB 0x00000000c1d00000| Untracked |  0
|   8|0x00000000c1e00000, 0x00000000c1e00000, 0x00000000c1f00000|  0%| F|  |TAMS 0x00000000c1e00000| PB 0x00000000c1e00000| Untracked |  0
|   9|0x00000000c1f00000, 0x00000000c1f00000, 0x00000000c2000000|  0%| F|  |TAMS 0x00000000c1f00000| PB 0x00000000c1f00000| Untracked |  0
|  10|0x00000000c2000000, 0x00000000c2000000, 0x00000000c2100000|  0%| F|  |TAMS 0x00000000c2000000| PB 0x00000000c2000000| Untracked |  0
|  11|0x00000000c2100000, 0x00000000c2100000, 0x00000000c2200000|  0%| F|  |TAMS 0x00000000c2100000| PB 0x00000000c2100000| Untracked |  0
|  12|0x00000000c2200000, 0x00000000c2200000, 0x00000000c2300000|  0%| F|  |TAMS 0x00000000c2200000| PB 0x00000000c2200000| Untracked |  0
|  13|0x00000000c2300000, 0x00000000c2300000, 0x00000000c2400000|  0%| F|  |TAMS 0x00000000c2300000| PB 0x00000000c2300000| Untracked |  0
|  14|0x00000000c2400000, 0x00000000c2400000, 0x00000000c2500000|  0%| F|  |TAMS 0x00000000c2400000| PB 0x00000000c2400000| Untracked |  0
|  15|0x00000000c2500000, 0x00000000c2500000, 0x00000000c2600000|  0%| F|  |TAMS 0x00000000c2500000| PB 0x00000000c2500000| Untracked |  0
|  16|0x00000000c2600000, 0x00000000c2600000, 0x00000000c2700000|  0%| F|  |TAMS 0x00000000c2600000| PB 0x00000000c2600000| Untracked |  0
|  17|0x00000000c2700000, 0x00000000c2700000, 0x00000000c2800000|  0%| F|  |TAMS 0x00000000c2700000| PB 0x00000000c2700000| Untracked |  0
|  18|0x00000000c2800000, 0x00000000c2800000, 0x00000000c2900000|  0%| F|  |TAMS 0x00000000c2800000| PB 0x00000000c2800000| Untracked |  0
|  19|0x00000000c2900000, 0x00000000c2900000, 0x00000000c2a00000|  0%| F|  |TAMS 0x00000000c2900000| PB 0x00000000c2900000| Untracked |  0
|  20|0x00000000c2a00000, 0x00000000c2a00000, 0x00000000c2b00000|  0%| F|  |TAMS 0x00000000c2a00000| PB 0x00000000c2a00000| Untracked |  0
|  21|0x00000000c2b00000, 0x00000000c2b00000, 0x00000000c2c00000|  0%| F|  |TAMS 0x00000000c2b00000| PB 0x00000000c2b00000| Untracked |  0
|  22|0x00000000c2c00000, 0x00000000c2c00000, 0x00000000c2d00000|  0%| F|  |TAMS 0x00000000c2c00000| PB 0x00000000c2c00000| Untracked |  0
|  23|0x00000000c2d00000, 0x00000000c2d00000, 0x00000000c2e00000|  0%| F|  |TAMS 0x00000000c2d00000| PB 0x00000000c2d00000| Untracked |  0
|  24|0x00000000c2e00000, 0x00000000c2e00000, 0x00000000c2f00000|  0%| F|  |TAMS 0x00000000c2e00000| PB 0x00000000c2e00000| Untracked |  0
|  25|0x00000000c2f00000, 0x00000000c2f00000, 0x00000000c3000000|  0%| F|  |TAMS 0x00000000c2f00000| PB 0x00000000c2f00000| Untracked |  0
|  26|0x00000000c3000000, 0x00000000c3000000, 0x00000000c3100000|  0%| F|  |TAMS 0x00000000c3000000| PB 0x00000000c3000000| Untracked |  0
|  27|0x00000000c3100000, 0x00000000c3100000, 0x00000000c3200000|  0%| F|  |TAMS 0x00000000c3100000| PB 0x00000000c3100000| Untracked |  0
|  28|0x00000000c3200000, 0x00000000c3200000, 0x00000000c3300000|  0%| F|  |TAMS 0x00000000c3200000| PB 0x00000000c3200000| Untracked |  0
|  29|0x00000000c3300000, 0x00000000c3300000, 0x00000000c3400000|  0%| F|  |TAMS 0x00000000c3300000| PB 0x00000000c3300000| Untracked |  0
|  30|0x00000000c3400000, 0x00000000c3400000, 0x00000000c3500000|  0%| F|  |TAMS 0x00000000c3400000| PB 0x00000000c3400000| Untracked |  0
|  31|0x00000000c3500000, 0x00000000c3500000, 0x00000000c3600000|  0%| F|  |TAMS 0x00000000c3500000| PB 0x00000000c3500000| Untracked |  0
|  32|0x00000000c3600000, 0x00000000c3600000, 0x00000000c3700000|  0%| F|  |TAMS 0x00000000c3600000| PB 0x00000000c3600000| Untracked |  0
|  33|0x00000000c3700000, 0x00000000c3700000, 0x00000000c3800000|  0%| F|  |TAMS 0x00000000c3700000| PB 0x00000000c3700000| Untracked |  0
|  34|0x00000000c3800000, 0x00000000c3800000, 0x00000000c3900000|  0%| F|  |TAMS 0x00000000c3800000| PB 0x00000000c3800000| Untracked |  0
|  35|0x00000000c3900000, 0x00000000c3900000, 0x00000000c3a00000|  0%| F|  |TAMS 0x00000000c3900000| PB 0x00000000c3900000| Untracked |  0
|  36|0x00000000c3a00000, 0x00000000c3a00000, 0x00000000c3b00000|  0%| F|  |TAMS 0x00000000c3a00000| PB 0x00000000c3a00000| Untracked |  0
|  37|0x00000000c3b00000, 0x00000000c3b00000, 0x00000000c3c00000|  0%| F|  |TAMS 0x00000000c3b00000| PB 0x00000000c3b00000| Untracked |  0
|  38|0x00000000c3c00000, 0x00000000c3c00000, 0x00000000c3d00000|  0%| F|  |TAMS 0x00000000c3c00000| PB 0x00000000c3c00000| Untracked |  0
|  39|0x00000000c3d00000, 0x00000000c3d00000, 0x00000000c3e00000|  0%| F|  |TAMS 0x00000000c3d00000| PB 0x00000000c3d00000| Untracked |  0
|  40|0x00000000c3e00000, 0x00000000c3e00000, 0x00000000c3f00000|  0%| F|  |TAMS 0x00000000c3e00000| PB 0x00000000c3e00000| Untracked |  0
|  41|0x00000000c3f00000, 0x00000000c3f00000, 0x00000000c4000000|  0%| F|  |TAMS 0x00000000c3f00000| PB 0x00000000c3f00000| Untracked |  0
|  42|0x00000000c4000000, 0x00000000c4000000, 0x00000000c4100000|  0%| F|  |TAMS 0x00000000c4000000| PB 0x00000000c4000000| Untracked |  0
|  43|0x00000000c4100000, 0x00000000c4100000, 0x00000000c4200000|  0%| F|  |TAMS 0x00000000c4100000| PB 0x00000000c4100000| Untracked |  0
|  44|0x00000000c4200000, 0x00000000c4200000, 0x00000000c4300000|  0%| F|  |TAMS 0x00000000c4200000| PB 0x00000000c4200000| Untracked |  0
|  45|0x00000000c4300000, 0x00000000c4300000, 0x00000000c4400000|  0%| F|  |TAMS 0x00000000c4300000| PB 0x00000000c4300000| Untracked |  0
|  46|0x00000000c4400000, 0x00000000c4400000, 0x00000000c4500000|  0%| F|  |TAMS 0x00000000c4400000| PB 0x00000000c4400000| Untracked |  0
|  47|0x00000000c4500000, 0x00000000c4500000, 0x00000000c4600000|  0%| F|  |TAMS 0x00000000c4500000| PB 0x00000000c4500000| Untracked |  0
|  48|0x00000000c4600000, 0x00000000c4600000, 0x00000000c4700000|  0%| F|  |TAMS 0x00000000c4600000| PB 0x00000000c4600000| Untracked |  0
|  49|0x00000000c4700000, 0x00000000c4700000, 0x00000000c4800000|  0%| F|  |TAMS 0x00000000c4700000| PB 0x00000000c4700000| Untracked |  0
|  50|0x00000000c4800000, 0x00000000c4800000, 0x00000000c4900000|  0%| F|  |TAMS 0x00000000c4800000| PB 0x00000000c4800000| Untracked |  0
|  51|0x00000000c4900000, 0x00000000c4900000, 0x00000000c4a00000|  0%| F|  |TAMS 0x00000000c4900000| PB 0x00000000c4900000| Untracked |  0
|  52|0x00000000c4a00000, 0x00000000c4a00000, 0x00000000c4b00000|  0%| F|  |TAMS 0x00000000c4a00000| PB 0x00000000c4a00000| Untracked |  0
|  53|0x00000000c4b00000, 0x00000000c4b00000, 0x00000000c4c00000|  0%| F|  |TAMS 0x00000000c4b00000| PB 0x00000000c4b00000| Untracked |  0
|  54|0x00000000c4c00000, 0x00000000c4c00000, 0x00000000c4d00000|  0%| F|  |TAMS 0x00000000c4c00000| PB 0x00000000c4c00000| Untracked |  0
|  55|0x00000000c4d00000, 0x00000000c4d00000, 0x00000000c4e00000|  0%| F|  |TAMS 0x00000000c4d00000| PB 0x00000000c4d00000| Untracked |  0
|  56|0x00000000c4e00000, 0x00000000c4e00000, 0x00000000c4f00000|  0%| F|  |TAMS 0x00000000c4e00000| PB 0x00000000c4e00000| Untracked |  0
|  57|0x00000000c4f00000, 0x00000000c4f00000, 0x00000000c5000000|  0%| F|  |TAMS 0x00000000c4f00000| PB 0x00000000c4f00000| Untracked |  0
|  58|0x00000000c5000000, 0x00000000c5000000, 0x00000000c5100000|  0%| F|  |TAMS 0x00000000c5000000| PB 0x00000000c5000000| Untracked |  0
|  59|0x00000000c5100000, 0x00000000c5100000, 0x00000000c5200000|  0%| F|  |TAMS 0x00000000c5100000| PB 0x00000000c5100000| Untracked |  0
|  60|0x00000000c5200000, 0x00000000c5200000, 0x00000000c5300000|  0%| F|  |TAMS 0x00000000c5200000| PB 0x00000000c5200000| Untracked |  0
|  61|0x00000000c5300000, 0x00000000c5300000, 0x00000000c5400000|  0%| F|  |TAMS 0x00000000c5300000| PB 0x00000000c5300000| Untracked |  0
|  62|0x00000000c5400000, 0x00000000c5400000, 0x00000000c5500000|  0%| F|  |TAMS 0x00000000c5400000| PB 0x00000000c5400000| Untracked |  0
|  63|0x00000000c5500000, 0x00000000c5547b50, 0x00000000c5600000| 28%| E|  |TAMS 0x00000000c5500000| PB 0x00000000c5500000| Complete |  0

Card table byte_map: [0x00000191677a0000,0x00000191679a0000] _byte_map_base: 0x0000019167195000

Marking Bits: (CMBitMap*) 0x000001914e4753f0
 Bits: [0x00000191679a0000, 0x0000019168948000)

Polling page: 0x000001914e2b0000

Metaspace:

Usage:
  Non-class:      2.34 MB used.
      Class:    195.87 KB used.
       Both:      2.53 MB used.

Virtual space:
  Non-class space:       64.00 MB reserved,       2.38 MB (  4%) committed,  1 nodes.
      Class space:        1.00 GB reserved,     256.00 KB ( <1%) committed,  1 nodes.
             Both:        1.06 GB reserved,       2.62 MB ( <1%) committed. 

Chunk freelists:
   Non-Class:  12.00 MB
       Class:  15.75 MB
        Both:  27.75 MB

MaxMetaspaceSize: unlimited
CompressedClassSpaceSize: 1.00 GB
Initial GC threshold: 21.00 MB
Current GC threshold: 17179869184.00 GB
CDS: off
 - commit_granule_bytes: 65536.
 - commit_granule_words: 8192.
 - virtual_space_node_default_size: 8388608.
 - enlarge_chunks_in_place: 1.
 - use_allocation_guard: 0.


Internal statistics:

num_allocs_failed_limit: 0.
num_arena_births: 2.
num_arena_deaths: 0.
num_vsnodes_births: 2.
num_vsnodes_deaths: 0.
num_space_committed: 42.
num_space_uncommitted: 0.
num_chunks_returned_to_freelist: 0.
num_chunks_taken_from_freelist: 3.
num_chunk_merges: 0.
num_chunk_splits: 2.
num_chunks_enlarged: 0.
num_inconsistent_stats: 0.

CodeHeap 'non-profiled nmethods': size=120000Kb used=0Kb max_used=0Kb free=120000Kb
 bounds [0x000001915fa50000, 0x000001915fcc0000, 0x0000019166f80000]
CodeHeap 'profiled nmethods': size=120000Kb used=0Kb max_used=0Kb free=120000Kb
 bounds [0x0000019157f80000, 0x00000191581f0000, 0x000001915f4b0000]
CodeHeap 'non-nmethods': size=5760Kb used=432Kb max_used=432Kb free=5327Kb
 bounds [0x000001915f4b0000, 0x000001915f720000, 0x000001915fa50000]
 total_blobs=181 nmethods=0 adapters=151
 compilation: enabled
              stopped_count=0, restarted_count=0
 full_count=0

Compilation events (0 events):
No events

GC Heap History (0 events):
No events

Dll operation events (1 events):
Event: 0.070 Loaded shared library C:\Program Files\Java\jdk-22\bin\java.dll

Deoptimization events (0 events):
No events

Classes loaded (20 events):
Event: 0.286 Loading class java/io/OutputStreamWriter done
Event: 0.287 Loading class sun/nio/cs/StreamEncoder
Event: 0.290 Loading class sun/nio/cs/StreamEncoder done
Event: 0.290 Loading class sun/nio/cs/SingleByte$Encoder
Event: 0.291 Loading class sun/nio/cs/ArrayEncoder
Event: 0.291 Loading class sun/nio/cs/ArrayEncoder done
Event: 0.291 Loading class java/nio/charset/CharsetEncoder
Event: 0.292 Loading class java/nio/charset/CharsetEncoder done
Event: 0.292 Loading class sun/nio/cs/SingleByte$Encoder done
Event: 0.292 Loading class sun/nio/cs/MS1252$Holder
Event: 0.292 Loading class sun/nio/cs/MS1252$Holder done
Event: 0.292 Loading class java/lang/StringUTF16
Event: 0.298 Loading class java/lang/StringUTF16 done
Event: 0.304 Loading class sun/nio/cs/SingleByte
Event: 0.304 Loading class sun/nio/cs/SingleByte done
Event: 0.314 Loading class java/nio/charset/CodingErrorAction
Event: 0.316 Loading class java/nio/charset/CodingErrorAction done
Event: 0.317 Loading class java/nio/ByteBuffer
Event: 0.319 Loading class java/nio/ByteBuffer done
Event: 0.320 Loading class jdk/internal/misc/ScopedMemoryAccess

Classes unloaded (0 events):
No events

Classes redefined (0 events):
No events

Internal exceptions (0 events):
No events

ZGC Phase Switch (0 events):
No events

VM Operations (0 events):
No events

Events (1 events):
Event: 0.101 Thread 0x000001914e33b4c0 Thread added: 0x000001914e33b4c0


Dynamic libraries:
0x00007ff718ae0000 - 0x00007ff718af0000 	C:\Program Files\Java\jdk-22\bin\java.exe
0x00007ffb6d250000 - 0x00007ffb6d448000 	C:\WINDOWS\SYSTEM32\ntdll.dll
0x00007ffb6ccd0000 - 0x00007ffb6cd91000 	C:\WINDOWS\System32\KERNEL32.DLL
0x00007ffb6ad20000 - 0x00007ffb6b01d000 	C:\WINDOWS\System32\KERNELBASE.dll
0x00007ffb6b020000 - 0x00007ffb6b120000 	C:\WINDOWS\System32\ucrtbase.dll
0x00007ffb3f0f0000 - 0x00007ffb3f10b000 	C:\Program Files\Java\jdk-22\bin\VCRUNTIME140.dll
0x00007ffb3f540000 - 0x00007ffb3f557000 	C:\Program Files\Java\jdk-22\bin\jli.dll
0x00007ffb6cbc0000 - 0x00007ffb6cc70000 	C:\WINDOWS\System32\ADVAPI32.dll
0x00007ffb6bbc0000 - 0x00007ffb6bc5e000 	C:\WINDOWS\System32\msvcrt.dll
0x00007ffb6c910000 - 0x00007ffb6c9b0000 	C:\WINDOWS\System32\sechost.dll
0x00007ffb6c9b0000 - 0x00007ffb6cad3000 	C:\WINDOWS\System32\RPCRT4.dll
0x00007ffb6a990000 - 0x00007ffb6a9b7000 	C:\WINDOWS\System32\bcrypt.dll
0x00007ffb6c090000 - 0x00007ffb6c22d000 	C:\WINDOWS\System32\USER32.dll
0x00007ffb6aa60000 - 0x00007ffb6aa82000 	C:\WINDOWS\System32\win32u.dll
0x00007ffb6c3c0000 - 0x00007ffb6c3eb000 	C:\WINDOWS\System32\GDI32.dll
0x00007ffb6aae0000 - 0x00007ffb6abf7000 	C:\WINDOWS\System32\gdi32full.dll
0x00007ffb6a9c0000 - 0x00007ffb6aa5d000 	C:\WINDOWS\System32\msvcp_win.dll
0x00007ffb4b9c0000 - 0x00007ffb4bc5a000 	C:\WINDOWS\WinSxS\amd64_microsoft.windows.common-controls_6595b64144ccf1df_6.0.19041.4355_none_60b8b9eb71f62e16\COMCTL32.dll
0x00007ffb631f0000 - 0x00007ffb631fa000 	C:\WINDOWS\SYSTEM32\VERSION.dll
0x00007ffb6bc60000 - 0x00007ffb6bc8f000 	C:\WINDOWS\System32\IMM32.DLL
0x00007ffb62050000 - 0x00007ffb6205c000 	C:\Program Files\Java\jdk-22\bin\vcruntime140_1.dll
0x00007ffb0f130000 - 0x00007ffb0f1be000 	C:\Program Files\Java\jdk-22\bin\msvcp140.dll
0x00007ffad58c0000 - 0x00007ffad6607000 	C:\Program Files\Java\jdk-22\bin\server\jvm.dll
0x00007ffb6c230000 - 0x00007ffb6c29b000 	C:\WINDOWS\System32\WS2_32.dll
0x00007ffb69e90000 - 0x00007ffb69edb000 	C:\WINDOWS\SYSTEM32\POWRPROF.dll
0x00007ffb4e7c0000 - 0x00007ffb4e7e7000 	C:\WINDOWS\SYSTEM32\WINMM.dll
0x00007ffb69d00000 - 0x00007ffb69d12000 	C:\WINDOWS\SYSTEM32\UMPDC.dll
0x00007ffb69270000 - 0x00007ffb69282000 	C:\WINDOWS\SYSTEM32\kernel.appcore.dll
0x00007ffb61ff0000 - 0x00007ffb61ffa000 	C:\Program Files\Java\jdk-22\bin\jimage.dll
0x00007ffb68e40000 - 0x00007ffb69024000 	C:\WINDOWS\SYSTEM32\DBGHELP.DLL
0x00007ffb53ec0000 - 0x00007ffb53ef4000 	C:\WINDOWS\SYSTEM32\dbgcore.DLL
0x00007ffb6a900000 - 0x00007ffb6a982000 	C:\WINDOWS\System32\bcryptPrimitives.dll
0x00007ffb30a30000 - 0x00007ffb30a4e000 	C:\Program Files\Java\jdk-22\bin\java.dll
0x00007ffb6b3f0000 - 0x00007ffb6bb5f000 	C:\WINDOWS\System32\SHELL32.dll
0x00007ffb6bf60000 - 0x00007ffb6c08b000 	C:\WINDOWS\System32\ole32.dll
0x00007ffb6c450000 - 0x00007ffb6c7a3000 	C:\WINDOWS\System32\combase.dll
0x00007ffb685c0000 - 0x00007ffb68d63000 	C:\WINDOWS\SYSTEM32\windows.storage.dll
0x00007ffb6a330000 - 0x00007ffb6a35e000 	C:\WINDOWS\SYSTEM32\Wldp.dll
0x00007ffb6b320000 - 0x00007ffb6b3ed000 	C:\WINDOWS\System32\OLEAUT32.dll
0x00007ffb6c7b0000 - 0x00007ffb6c85d000 	C:\WINDOWS\System32\SHCORE.dll
0x00007ffb6bb60000 - 0x00007ffb6bbb5000 	C:\WINDOWS\System32\shlwapi.dll
0x00007ffb6a830000 - 0x00007ffb6a854000 	C:\WINDOWS\SYSTEM32\profapi.dll

dbghelp: loaded successfully - version: 4.0.5 - missing functions: none
symbol engine: initialized successfully - sym options: 0x614 - pdb path: .;C:\Program Files\Java\jdk-22\bin;C:\WINDOWS\SYSTEM32;C:\WINDOWS\WinSxS\amd64_microsoft.windows.common-controls_6595b64144ccf1df_6.0.19041.4355_none_60b8b9eb71f62e16;C:\Program Files\Java\jdk-22\bin\server

VM Arguments:
jvm_args: -Dfile.encoding=UTF-8 --module-path=C:\Users\giosu\Documents\Integrador\Proyecto\build\classes 
java_command: Vistas.Venta.Venta
java_class_path (initial): C:\Program Files\NetBeans-21\netbeans\java\modules\ext\AbsoluteLayout.jar;C:\Users\giosu\Documents\Integrador\mysql-connector-j-9.0.0.jar;C:\Users\giosu\Documents\Integrador\jbcrypt-0.4.jar;C:\Users\giosu\Documents\Integrador\jcalendar-1.4.jar;C:\Users\giosu\Documents\Integrador\swingx-all-1.6.5-1.jar;C:\Users\giosu\Documents\Integrador\Proyecto\build\classes
Launcher Type: SUN_STANDARD

[Global flags]
     intx CICompilerCount                          = 3                                         {product} {ergonomic}
     uint ConcGCThreads                            = 1                                         {product} {ergonomic}
     uint G1ConcRefinementThreads                  = 4                                         {product} {ergonomic}
   size_t G1HeapRegionSize                         = 1048576                                   {product} {ergonomic}
   size_t InitialHeapSize                          = 67108864                                  {product} {ergonomic}
   size_t MarkStackSize                            = 4194304                                   {product} {ergonomic}
   size_t MaxHeapSize                              = 1050673152                                {product} {ergonomic}
   size_t MaxNewSize                               = 630194176                                 {product} {ergonomic}
   size_t MinHeapDeltaBytes                        = 1048576                                   {product} {ergonomic}
   size_t MinHeapSize                              = 8388608                                   {product} {ergonomic}
    uintx NonNMethodCodeHeapSize                   = 5832780                                {pd product} {ergonomic}
    uintx NonProfiledCodeHeapSize                  = 122912730                              {pd product} {ergonomic}
    uintx ProfiledCodeHeapSize                     = 122912730                              {pd product} {ergonomic}
    uintx ReservedCodeCacheSize                    = 251658240                              {pd product} {ergonomic}
     bool SegmentedCodeCache                       = true                                      {product} {ergonomic}
   size_t SoftMaxHeapSize                          = 1050673152                             {manageable} {ergonomic}
     bool UseCompressedOops                        = true                           {product lp64_product} {ergonomic}
     bool UseG1GC                                  = true                                      {product} {ergonomic}
     bool UseLargePagesIndividualAllocation        = false                                  {pd product} {ergonomic}

Logging:
Log output configuration:
 #0: stdout all=warning uptime,level,tags foldmultilines=false
 #1: stderr all=off uptime,level,tags foldmultilines=false

Environment Variables:
PATH=C:\Program Files\Common Files\Oracle\Java\javapath;C:\Program Files (x86)\Common Files\Oracle\Java\java8path;C:\Program Files (x86)\Common Files\Oracle\Java\javapath;C:\Program Files\Microsoft MPI\Bin\;C:\WINDOWS\system32;C:\WINDOWS;C:\WINDOWS\System32\Wbem;C:\WINDOWS\System32\WindowsPowerShell\v1.0\;C:\WINDOWS\System32\OpenSSH\;C:\Users\giosu\AppData\Local\Microsoft\WindowsApps;C:\officeInstall\py.exe;C:\officeInstall\py.exe;C:\Program Files (x86)\Microsoft SQL Server\160\Tools\Binn\;C:\Program Files\Microsoft SQL Server\160\Tools\Binn\;C:\Program Files\Microsoft SQL Server\Client SDK\ODBC\170\Tools\Binn\;C:\Program Files\Microsoft SQL Server\160\DTS\Binn\;C:\Program Files (x86)\Microsoft SQL Server\160\DTS\Binn\;C:\Program Files\Azure Data Studio\bin;C:\Program Files (x86)\NVIDIA Corporation\PhysX\Common;C:\Program Files\Git\cmd;C:\Program Files\nodejs\;C:\Users\giosu\AppData\Local\Programs\Python\Launcher\;C:\Users\giosu\AppData\Local\Programs\Microsoft VS Code\bin;C:\Users\giosu\AppData\Local\GitHubDesktop\bin;C:\Users\giosu\AppData\Roaming\npm
USERNAME=giosu
OS=Windows_NT
PROCESSOR_IDENTIFIER=Intel64 Family 6 Model 142 Stepping 9, GenuineIntel
TMP=C:\Users\giosu\AppData\Local\Temp
TEMP=C:\Users\giosu\AppData\Local\Temp




Periodic native trim disabled

---------------  S Y S T E M  ---------------

OS:
 Windows 10 , 64 bit Build 19041 (10.0.19041.4842)
OS uptime: 29 days 16:35 hours

CPU: total 4 (initial active 4) (2 cores per cpu, 2 threads per core) family 6 model 142 stepping 9 microcode 0xd6, cx8, cmov, fxsr, ht, mmx, 3dnowpref, sse, sse2, sse3, ssse3, sse4.1, sse4.2, popcnt, lzcnt, tsc, tscinvbit, avx, avx2, aes, erms, clmul, bmi1, bmi2, adx, fma, vzeroupper, clflush, clflushopt, rdtscp, f16c
Processor Information for all 4 processors :
  Max Mhz: 2300, Current Mhz: 2300, Mhz Limit: 2300

Memory: 4k page, system-wide physical 4007M (147M free)
TotalPageFile size 16295M (AvailPageFile size 2M)
current process WorkingSet (physical memory assigned to process): 20M, peak: 20M
current process commit charge ("private bytes"): 122M, peak: 122M

vm_info: Java HotSpot(TM) 64-Bit Server VM (22.0.1+8-16) for windows-amd64 JRE (22.0.1+8-16), built on 2024-03-12T10:33:16Z by "mach5one" with MS VC++ 17.6 (VS2022)

END.
